2025-11-26 15:42:08,372 - urllib3.connectionpool - DEBUG - Starting new HTTPS connection (1): github.com:443
2025-11-26 15:42:08,929 - urllib3.connectionpool - DEBUG - https://github.com:443 "POST /login/device/code HTTP/1.1" 200 None
2025-11-26 15:42:14,048 - urllib3.connectionpool - DEBUG - Starting new HTTPS connection (1): github.com:443
2025-11-26 15:42:14,555 - urllib3.connectionpool - DEBUG - https://github.com:443 "POST /login/oauth/access_token HTTP/1.1" 200 None
2025-11-26 15:42:19,045 - urllib3.connectionpool - DEBUG - Starting new HTTPS connection (1): github.com:443
2025-11-26 15:42:19,536 - urllib3.connectionpool - DEBUG - https://github.com:443 "POST /login/oauth/access_token HTTP/1.1" 200 None
2025-11-26 15:42:29,548 - urllib3.connectionpool - DEBUG - Starting new HTTPS connection (1): github.com:443
2025-11-26 15:42:30,050 - urllib3.connectionpool - DEBUG - https://github.com:443 "POST /login/oauth/access_token HTTP/1.1" 200 None
2025-11-26 15:42:39,556 - urllib3.connectionpool - DEBUG - Starting new HTTPS connection (1): github.com:443
2025-11-26 15:42:40,036 - urllib3.connectionpool - DEBUG - https://github.com:443 "POST /login/oauth/access_token HTTP/1.1" 200 None
2025-11-26 15:42:49,562 - urllib3.connectionpool - DEBUG - Starting new HTTPS connection (1): github.com:443
2025-11-26 15:42:50,129 - urllib3.connectionpool - DEBUG - https://github.com:443 "POST /login/oauth/access_token HTTP/1.1" 200 None
2025-11-26 15:42:59,565 - urllib3.connectionpool - DEBUG - Starting new HTTPS connection (1): github.com:443
2025-11-26 15:43:00,067 - urllib3.connectionpool - DEBUG - https://github.com:443 "POST /login/oauth/access_token HTTP/1.1" 200 None
2025-11-26 15:43:09,570 - urllib3.connectionpool - DEBUG - Starting new HTTPS connection (1): github.com:443
2025-11-26 15:43:10,079 - urllib3.connectionpool - DEBUG - https://github.com:443 "POST /login/oauth/access_token HTTP/1.1" 200 None
2025-11-26 15:43:19,568 - urllib3.connectionpool - DEBUG - Starting new HTTPS connection (1): github.com:443
2025-11-26 15:43:20,055 - urllib3.connectionpool - DEBUG - https://github.com:443 "POST /login/oauth/access_token HTTP/1.1" 200 None
2025-11-26 15:43:29,559 - urllib3.connectionpool - DEBUG - Starting new HTTPS connection (1): github.com:443
2025-11-26 15:43:30,051 - urllib3.connectionpool - DEBUG - https://github.com:443 "POST /login/oauth/access_token HTTP/1.1" 200 None
2025-11-26 15:43:39,561 - urllib3.connectionpool - DEBUG - Starting new HTTPS connection (1): github.com:443
2025-11-26 15:43:40,057 - urllib3.connectionpool - DEBUG - https://github.com:443 "POST /login/oauth/access_token HTTP/1.1" 200 None
2025-11-26 15:43:49,558 - urllib3.connectionpool - DEBUG - Starting new HTTPS connection (1): github.com:443
2025-11-26 15:43:50,057 - urllib3.connectionpool - DEBUG - https://github.com:443 "POST /login/oauth/access_token HTTP/1.1" 200 None
2025-11-26 15:43:59,569 - urllib3.connectionpool - DEBUG - Starting new HTTPS connection (1): github.com:443
2025-11-26 15:44:00,051 - urllib3.connectionpool - DEBUG - https://github.com:443 "POST /login/oauth/access_token HTTP/1.1" 200 None
2025-11-26 15:44:09,559 - urllib3.connectionpool - DEBUG - Starting new HTTPS connection (1): github.com:443
2025-11-26 15:44:10,059 - urllib3.connectionpool - DEBUG - https://github.com:443 "POST /login/oauth/access_token HTTP/1.1" 200 None
2025-11-26 15:44:19,566 - urllib3.connectionpool - DEBUG - Starting new HTTPS connection (1): github.com:443
2025-11-26 15:44:20,056 - urllib3.connectionpool - DEBUG - https://github.com:443 "POST /login/oauth/access_token HTTP/1.1" 200 None
2025-11-26 15:44:29,555 - urllib3.connectionpool - DEBUG - Starting new HTTPS connection (1): github.com:443
2025-11-26 15:44:30,047 - urllib3.connectionpool - DEBUG - https://github.com:443 "POST /login/oauth/access_token HTTP/1.1" 200 None
2025-11-26 15:44:39,559 - urllib3.connectionpool - DEBUG - Starting new HTTPS connection (1): github.com:443
2025-11-26 15:44:40,044 - urllib3.connectionpool - DEBUG - https://github.com:443 "POST /login/oauth/access_token HTTP/1.1" 200 None
2025-11-26 15:44:49,559 - urllib3.connectionpool - DEBUG - Starting new HTTPS connection (1): github.com:443
2025-11-26 15:44:50,051 - urllib3.connectionpool - DEBUG - https://github.com:443 "POST /login/oauth/access_token HTTP/1.1" 200 None
2025-11-26 15:44:59,563 - urllib3.connectionpool - DEBUG - Starting new HTTPS connection (1): github.com:443
2025-11-26 15:45:00,091 - urllib3.connectionpool - DEBUG - https://github.com:443 "POST /login/oauth/access_token HTTP/1.1" 200 None
2025-11-26 16:00:02,596 - urllib3.connectionpool - DEBUG - Starting new HTTPS connection (1): gitlab.com:443
2025-11-26 16:00:03,065 - urllib3.connectionpool - DEBUG - https://gitlab.com:443 "POST /oauth/token HTTP/1.1" 401 173
2025-11-26 16:10:40,138 - urllib3.connectionpool - DEBUG - Starting new HTTPS connection (1): gitlab.com:443
2025-11-26 16:10:40,693 - urllib3.connectionpool - DEBUG - https://gitlab.com:443 "POST /oauth/token HTTP/1.1" 200 None
2025-11-26 16:10:40,695 - urllib3.connectionpool - DEBUG - Starting new HTTPS connection (1): gitlab.com:443
2025-11-26 16:10:41,257 - urllib3.connectionpool - DEBUG - https://gitlab.com:443 "GET /api/v4/user HTTP/1.1" 200 None
2025-11-26 16:18:54,351 - urllib3.connectionpool - DEBUG - Starting new HTTPS connection (1): gitlab.com:443
2025-11-26 16:18:54,970 - urllib3.connectionpool - DEBUG - https://gitlab.com:443 "POST /oauth/token HTTP/1.1" 200 None
2025-11-26 16:18:54,972 - urllib3.connectionpool - DEBUG - Starting new HTTPS connection (1): gitlab.com:443
2025-11-26 16:18:55,499 - urllib3.connectionpool - DEBUG - https://gitlab.com:443 "GET /api/v4/user HTTP/1.1" 200 None
2025-11-26 16:19:12,898 - urllib3.connectionpool - DEBUG - Starting new HTTPS connection (1): github.com:443
2025-11-26 16:19:13,424 - urllib3.connectionpool - DEBUG - https://github.com:443 "POST /login/device/code HTTP/1.1" 200 None
2025-11-26 16:19:18,447 - urllib3.connectionpool - DEBUG - Starting new HTTPS connection (1): github.com:443
2025-11-26 16:19:18,937 - urllib3.connectionpool - DEBUG - https://github.com:443 "POST /login/oauth/access_token HTTP/1.1" 200 None
2025-11-26 16:19:23,466 - urllib3.connectionpool - DEBUG - Starting new HTTPS connection (1): github.com:443
2025-11-26 16:19:23,977 - urllib3.connectionpool - DEBUG - https://github.com:443 "POST /login/oauth/access_token HTTP/1.1" 200 None
2025-11-26 16:19:28,476 - urllib3.connectionpool - DEBUG - Starting new HTTPS connection (1): github.com:443
2025-11-26 16:19:28,949 - urllib3.connectionpool - DEBUG - https://github.com:443 "POST /login/oauth/access_token HTTP/1.1" 200 None
2025-11-26 16:19:38,969 - urllib3.connectionpool - DEBUG - Starting new HTTPS connection (1): github.com:443
2025-11-26 16:19:39,485 - urllib3.connectionpool - DEBUG - https://github.com:443 "POST /login/oauth/access_token HTTP/1.1" 200 None
2025-11-26 16:19:48,990 - urllib3.connectionpool - DEBUG - Starting new HTTPS connection (1): github.com:443
2025-11-26 16:19:49,493 - urllib3.connectionpool - DEBUG - https://github.com:443 "POST /login/oauth/access_token HTTP/1.1" 200 None
2025-11-26 16:19:58,987 - urllib3.connectionpool - DEBUG - Starting new HTTPS connection (1): github.com:443
2025-11-26 16:19:59,484 - urllib3.connectionpool - DEBUG - https://github.com:443 "POST /login/oauth/access_token HTTP/1.1" 200 None
2025-11-26 16:20:08,987 - urllib3.connectionpool - DEBUG - Starting new HTTPS connection (1): github.com:443
2025-11-26 16:20:09,496 - urllib3.connectionpool - DEBUG - https://github.com:443 "POST /login/oauth/access_token HTTP/1.1" 200 None
2025-11-26 16:20:19,005 - urllib3.connectionpool - DEBUG - Starting new HTTPS connection (1): github.com:443
2025-11-26 16:20:19,513 - urllib3.connectionpool - DEBUG - https://github.com:443 "POST /login/oauth/access_token HTTP/1.1" 200 None
2025-11-26 16:20:28,992 - urllib3.connectionpool - DEBUG - Starting new HTTPS connection (1): github.com:443
2025-11-26 16:20:29,485 - urllib3.connectionpool - DEBUG - https://github.com:443 "POST /login/oauth/access_token HTTP/1.1" 200 None
2025-12-10 11:43:35,306 - core.updater - INFO - Checking for updates...
2025-12-10 11:43:35,339 - urllib3.connectionpool - DEBUG - Starting new HTTPS connection (1): api.github.com:443
2025-12-10 11:43:35,923 - urllib3.connectionpool - DEBUG - https://api.github.com:443 "GET /repos/IPeralta-GLSL/Unreal-Git-Client/releases/latest HTTP/1.1" 200 824
2025-12-10 11:43:35,924 - core.updater - INFO - Latest version: 1.1.0, Current version: v1.1.0
2025-12-10 11:44:06,726 - core.updater - INFO - Checking for updates...
2025-12-10 11:44:06,755 - urllib3.connectionpool - DEBUG - Starting new HTTPS connection (1): api.github.com:443
2025-12-10 11:44:07,303 - urllib3.connectionpool - DEBUG - https://api.github.com:443 "GET /repos/IPeralta-GLSL/Unreal-Git-Client/releases/latest HTTP/1.1" 200 824
2025-12-10 11:44:07,304 - core.updater - INFO - Latest version: 1.1.0, Current version: v1.2.0
2025-12-10 12:22:38,578 - core.updater - INFO - Checking for updates...
2025-12-10 12:22:38,607 - urllib3.connectionpool - DEBUG - Starting new HTTPS connection (1): api.github.com:443
2025-12-10 12:22:39,158 - urllib3.connectionpool - DEBUG - https://api.github.com:443 "GET /repos/IPeralta-GLSL/Unreal-Git-Client/releases/latest HTTP/1.1" 200 833
2025-12-10 12:22:39,159 - core.updater - INFO - Latest version: 1.2.0, Current version: v1.2.0
2025-12-10 12:37:50,815 - core.updater - INFO - Checking for updates...
2025-12-10 12:37:50,845 - urllib3.connectionpool - DEBUG - Starting new HTTPS connection (1): api.github.com:443
2025-12-10 12:37:51,373 - urllib3.connectionpool - DEBUG - https://api.github.com:443 "GET /repos/IPeralta-GLSL/Unreal-Git-Client/releases/latest HTTP/1.1" 200 836
2025-12-10 12:37:51,373 - core.updater - INFO - Latest version: 1.2.1, Current version: v1.2.1
2025-12-10 12:51:14,602 - core.updater - INFO - Checking for updates...
2025-12-10 12:51:14,630 - urllib3.connectionpool - DEBUG - Starting new HTTPS connection (1): api.github.com:443
2025-12-10 12:51:15,186 - urllib3.connectionpool - DEBUG - https://api.github.com:443 "GET /repos/IPeralta-GLSL/Unreal-Git-Client/releases/latest HTTP/1.1" 200 836
2025-12-10 12:51:15,187 - core.updater - INFO - Latest version: 1.2.1, Current version: v1.2.1
2025-12-10 12:54:45,642 - core.updater - INFO - Checking for updates...
2025-12-10 12:54:45,671 - urllib3.connectionpool - DEBUG - Starting new HTTPS connection (1): api.github.com:443
2025-12-10 12:54:46,221 - urllib3.connectionpool - DEBUG - https://api.github.com:443 "GET /repos/IPeralta-GLSL/Unreal-Git-Client/releases/latest HTTP/1.1" 200 836
2025-12-10 12:54:46,221 - core.updater - INFO - Latest version: 1.2.1, Current version: v1.2.1
